[Mon, 22 Jul 19 15:24:23 +0800][ERROR] E:\xampp\htdocs\srv\Models\BaseModel.php #0 [internal function]: PDOStatement->execute()
#1 [internal function]: Phalcon\Db\Adapter\Pdo->executePrepared(Object(PDOStatement), Array, Array)
#2 E:\xampp\htdocs\srv\Models\BaseModel.php(595): Phalcon\Db\Adapter\Pdo->query('select  count(1...')
#3 E:\xampp\htdocs\srv\Apps\Panel\Controllers\IndexController.php(53): Models\BaseModel::dataCount('`enable`=1')
#4 [internal function]: Multiple\Panel\Controllers\IndexController->welcomeAction()
#5 [internal function]: Phalcon\Dispatcher->callActionMethod(Object(Multiple\Panel\Controllers\IndexController), 'welcomeAction', Array)
#6 [internal function]: Phalcon\Dispatcher->dispatch()
#7 E:\xampp\htdocs\srv\index.php(85): Phalcon\Mvc\Application->handle()
#8 {main} 595行 SQLSTATE[42S02]: Base table or view not found: 1146 Table 'dvalley.user_show' doesn't exist,数据：array (
  '_url' => '/panel/index/welcome',
)
[Mon, 22 Jul 19 15:24:23 +0800][ERROR] E:\xampp\htdocs\srv\Models\BaseModel.php #0 [internal function]: PDOStatement->execute()
#1 [internal function]: Phalcon\Db\Adapter\Pdo->executePrepared(Object(PDOStatement), Array, Array)
#2 E:\xampp\htdocs\srv\Models\BaseModel.php(595): Phalcon\Db\Adapter\Pdo->query('select  count(1...')
#3 E:\xampp\htdocs\srv\Apps\Panel\Controllers\IndexController.php(53): Models\BaseModel::dataCount('`enable`=1')
#4 [internal function]: Multiple\Panel\Controllers\IndexController->welcomeAction()
#5 [internal function]: Phalcon\Dispatcher->callActionMethod(Object(Multiple\Panel\Controllers\IndexController), 'welcomeAction', Array)
#6 [internal function]: Phalcon\Dispatcher->dispatch()
#7 E:\xampp\htdocs\srv\index.php(85): Phalcon\Mvc\Application->handle()
#8 {main} 595行 SQLSTATE[42S02]: Base table or view not found: 1146 Table 'dvalley.user_show' doesn't exist,数据：array (
  '_url' => '/panel/index/welcome',
)
[Mon, 22 Jul 19 15:25:19 +0800][ERROR] E:\xampp\htdocs\srv\Models\BaseModel.php #0 [internal function]: PDOStatement->execute()
#1 [internal function]: Phalcon\Db\Adapter\Pdo->executePrepared(Object(PDOStatement), Array, Array)
#2 E:\xampp\htdocs\srv\Models\BaseModel.php(595): Phalcon\Db\Adapter\Pdo->query('select  count(1...')
#3 E:\xampp\htdocs\srv\Apps\Panel\Controllers\IndexController.php(53): Models\BaseModel::dataCount('`enable`=1')
#4 [internal function]: Multiple\Panel\Controllers\IndexController->welcomeAction()
#5 [internal function]: Phalcon\Dispatcher->callActionMethod(Object(Multiple\Panel\Controllers\IndexController), 'welcomeAction', Array)
#6 [internal function]: Phalcon\Dispatcher->dispatch()
#7 E:\xampp\htdocs\srv\index.php(85): Phalcon\Mvc\Application->handle()
#8 {main} 595行 SQLSTATE[42S02]: Base table or view not found: 1146 Table 'dvalley.user_show' doesn't exist,数据：array (
  '_url' => '/panel/index/welcome',
)
[Mon, 22 Jul 19 15:25:19 +0800][ERROR] E:\xampp\htdocs\srv\Models\BaseModel.php #0 [internal function]: PDOStatement->execute()
#1 [internal function]: Phalcon\Db\Adapter\Pdo->executePrepared(Object(PDOStatement), Array, Array)
#2 E:\xampp\htdocs\srv\Models\BaseModel.php(595): Phalcon\Db\Adapter\Pdo->query('select  count(1...')
#3 E:\xampp\htdocs\srv\Apps\Panel\Controllers\IndexController.php(53): Models\BaseModel::dataCount('`enable`=1')
#4 [internal function]: Multiple\Panel\Controllers\IndexController->welcomeAction()
#5 [internal function]: Phalcon\Dispatcher->callActionMethod(Object(Multiple\Panel\Controllers\IndexController), 'welcomeAction', Array)
#6 [internal function]: Phalcon\Dispatcher->dispatch()
#7 E:\xampp\htdocs\srv\index.php(85): Phalcon\Mvc\Application->handle()
#8 {main} 595行 SQLSTATE[42S02]: Base table or view not found: 1146 Table 'dvalley.user_show' doesn't exist,数据：array (
  '_url' => '/panel/index/welcome',
)
[Mon, 22 Jul 19 15:29:18 +0800][ERROR] E:\xampp\htdocs\srv\Models\BaseModel.php #0 [internal function]: PDOStatement->execute()
#1 [internal function]: Phalcon\Db\Adapter\Pdo->executePrepared(Object(PDOStatement), Array, Array)
#2 E:\xampp\htdocs\srv\Models\BaseModel.php(595): Phalcon\Db\Adapter\Pdo->query('select  count(1...')
#3 E:\xampp\htdocs\srv\Apps\Panel\Controllers\IndexController.php(53): Models\BaseModel::dataCount('`enable`=0')
#4 [internal function]: Multiple\Panel\Controllers\IndexController->welcomeAction()
#5 [internal function]: Phalcon\Dispatcher->callActionMethod(Object(Multiple\Panel\Controllers\IndexController), 'welcomeAction', Array)
#6 [internal function]: Phalcon\Dispatcher->dispatch()
#7 E:\xampp\htdocs\srv\index.php(85): Phalcon\Mvc\Application->handle()
#8 {main} 595行 SQLSTATE[42S02]: Base table or view not found: 1146 Table 'dvalley.user_show' doesn't exist,数据：array (
  '_url' => '/panel/index/welcome',
)
[Mon, 22 Jul 19 15:29:18 +0800][ERROR] E:\xampp\htdocs\srv\Models\BaseModel.php #0 [internal function]: PDOStatement->execute()
#1 [internal function]: Phalcon\Db\Adapter\Pdo->executePrepared(Object(PDOStatement), Array, Array)
#2 E:\xampp\htdocs\srv\Models\BaseModel.php(595): Phalcon\Db\Adapter\Pdo->query('select  count(1...')
#3 E:\xampp\htdocs\srv\Apps\Panel\Controllers\IndexController.php(53): Models\BaseModel::dataCount('`enable`=0')
#4 [internal function]: Multiple\Panel\Controllers\IndexController->welcomeAction()
#5 [internal function]: Phalcon\Dispatcher->callActionMethod(Object(Multiple\Panel\Controllers\IndexController), 'welcomeAction', Array)
#6 [internal function]: Phalcon\Dispatcher->dispatch()
#7 E:\xampp\htdocs\srv\index.php(85): Phalcon\Mvc\Application->handle()
#8 {main} 595行 SQLSTATE[42S02]: Base table or view not found: 1146 Table 'dvalley.user_show' doesn't exist,数据：array (
  '_url' => '/panel/index/welcome',
)
[Mon, 22 Jul 19 15:45:00 +0800][ERROR] E:\xampp\htdocs\srv\Models\BaseModel.php #0 [internal function]: PDOStatement->execute()
#1 [internal function]: Phalcon\Db\Adapter\Pdo->executePrepared(Object(PDOStatement), Array, Array)
#2 E:\xampp\htdocs\srv\Models\BaseModel.php(595): Phalcon\Db\Adapter\Pdo->query('select  count(1...')
#3 E:\xampp\htdocs\srv\Apps\Panel\Controllers\IndexController.php(53): Models\BaseModel::dataCount('`enable`=1')
#4 [internal function]: Multiple\Panel\Controllers\IndexController->welcomeAction()
#5 [internal function]: Phalcon\Dispatcher->callActionMethod(Object(Multiple\Panel\Controllers\IndexController), 'welcomeAction', Array)
#6 [internal function]: Phalcon\Dispatcher->dispatch()
#7 E:\xampp\htdocs\srv\index.php(85): Phalcon\Mvc\Application->handle()
#8 {main} 595行 SQLSTATE[42S02]: Base table or view not found: 1146 Table 'dvalley.user_show' doesn't exist,数据：array (
  '_url' => '/panel/index/welcome',
)
[Mon, 22 Jul 19 15:45:00 +0800][ERROR] E:\xampp\htdocs\srv\Models\BaseModel.php #0 [internal function]: PDOStatement->execute()
#1 [internal function]: Phalcon\Db\Adapter\Pdo->executePrepared(Object(PDOStatement), Array, Array)
#2 E:\xampp\htdocs\srv\Models\BaseModel.php(595): Phalcon\Db\Adapter\Pdo->query('select  count(1...')
#3 E:\xampp\htdocs\srv\Apps\Panel\Controllers\IndexController.php(53): Models\BaseModel::dataCount('`enable`=1')
#4 [internal function]: Multiple\Panel\Controllers\IndexController->welcomeAction()
#5 [internal function]: Phalcon\Dispatcher->callActionMethod(Object(Multiple\Panel\Controllers\IndexController), 'welcomeAction', Array)
#6 [internal function]: Phalcon\Dispatcher->dispatch()
#7 E:\xampp\htdocs\srv\index.php(85): Phalcon\Mvc\Application->handle()
#8 {main} 595行 SQLSTATE[42S02]: Base table or view not found: 1146 Table 'dvalley.user_show' doesn't exist,数据：array (
  '_url' => '/panel/index/welcome',
)
[Mon, 22 Jul 19 15:46:03 +0800][ERROR] E:\xampp\htdocs\srv\Models\BaseModel.php #0 [internal function]: PDOStatement->execute()
#1 [internal function]: Phalcon\Db\Adapter\Pdo->executePrepared(Object(PDOStatement), Array, Array)
#2 E:\xampp\htdocs\srv\Models\BaseModel.php(595): Phalcon\Db\Adapter\Pdo->query('select  count(1...')
#3 E:\xampp\htdocs\srv\Apps\Panel\Controllers\IndexController.php(53): Models\BaseModel::dataCount('`enable`=0')
#4 [internal function]: Multiple\Panel\Controllers\IndexController->welcomeAction()
#5 [internal function]: Phalcon\Dispatcher->callActionMethod(Object(Multiple\Panel\Controllers\IndexController), 'welcomeAction', Array)
#6 [internal function]: Phalcon\Dispatcher->dispatch()
#7 E:\xampp\htdocs\srv\index.php(85): Phalcon\Mvc\Application->handle()
#8 {main} 595行 SQLSTATE[42S02]: Base table or view not found: 1146 Table 'dvalley.user_show' doesn't exist,数据：array (
  '_url' => '/panel/index/welcome',
)
[Mon, 22 Jul 19 15:46:03 +0800][ERROR] E:\xampp\htdocs\srv\Models\BaseModel.php #0 [internal function]: PDOStatement->execute()
#1 [internal function]: Phalcon\Db\Adapter\Pdo->executePrepared(Object(PDOStatement), Array, Array)
#2 E:\xampp\htdocs\srv\Models\BaseModel.php(595): Phalcon\Db\Adapter\Pdo->query('select  count(1...')
#3 E:\xampp\htdocs\srv\Apps\Panel\Controllers\IndexController.php(53): Models\BaseModel::dataCount('`enable`=0')
#4 [internal function]: Multiple\Panel\Controllers\IndexController->welcomeAction()
#5 [internal function]: Phalcon\Dispatcher->callActionMethod(Object(Multiple\Panel\Controllers\IndexController), 'welcomeAction', Array)
#6 [internal function]: Phalcon\Dispatcher->dispatch()
#7 E:\xampp\htdocs\srv\index.php(85): Phalcon\Mvc\Application->handle()
#8 {main} 595行 SQLSTATE[42S02]: Base table or view not found: 1146 Table 'dvalley.user_show' doesn't exist,数据：array (
  '_url' => '/panel/index/welcome',
)
[Mon, 22 Jul 19 15:50:14 +0800][ERROR] E:\xampp\htdocs\srv\Models\BaseModel.php #0 [internal function]: PDOStatement->execute()
#1 [internal function]: Phalcon\Db\Adapter\Pdo->executePrepared(Object(PDOStatement), Array, Array)
#2 E:\xampp\htdocs\srv\Models\BaseModel.php(595): Phalcon\Db\Adapter\Pdo->query('select  count(1...')
#3 E:\xampp\htdocs\srv\Apps\Panel\Controllers\IndexController.php(53): Models\BaseModel::dataCount('`enable`=1')
#4 [internal function]: Multiple\Panel\Controllers\IndexController->welcomeAction()
#5 [internal function]: Phalcon\Dispatcher->callActionMethod(Object(Multiple\Panel\Controllers\IndexController), 'welcomeAction', Array)
#6 [internal function]: Phalcon\Dispatcher->dispatch()
#7 E:\xampp\htdocs\srv\index.php(85): Phalcon\Mvc\Application->handle()
#8 {main} 595行 SQLSTATE[42S02]: Base table or view not found: 1146 Table 'dvalley.user_show' doesn't exist,数据：array (
  '_url' => '/panel/index/welcome',
)
[Mon, 22 Jul 19 15:50:14 +0800][ERROR] E:\xampp\htdocs\srv\Models\BaseModel.php #0 [internal function]: PDOStatement->execute()
#1 [internal function]: Phalcon\Db\Adapter\Pdo->executePrepared(Object(PDOStatement), Array, Array)
#2 E:\xampp\htdocs\srv\Models\BaseModel.php(595): Phalcon\Db\Adapter\Pdo->query('select  count(1...')
#3 E:\xampp\htdocs\srv\Apps\Panel\Controllers\IndexController.php(53): Models\BaseModel::dataCount('`enable`=1')
#4 [internal function]: Multiple\Panel\Controllers\IndexController->welcomeAction()
#5 [internal function]: Phalcon\Dispatcher->callActionMethod(Object(Multiple\Panel\Controllers\IndexController), 'welcomeAction', Array)
#6 [internal function]: Phalcon\Dispatcher->dispatch()
#7 E:\xampp\htdocs\srv\index.php(85): Phalcon\Mvc\Application->handle()
#8 {main} 595行 SQLSTATE[42S02]: Base table or view not found: 1146 Table 'dvalley.user_show' doesn't exist,数据：array (
  '_url' => '/panel/index/welcome',
)
